
--- Job 2_Sectors Aggregation_2012IO_139 Sectors.gms Start 12/01/16 15:07:13 24.4.6 r52609 WEX-WEI x86 64bit/MS Windows
GAMS 24.4.6   Copyright (C) 1987-2015 GAMS Development. All rights reserved
Licensee: Yaqian Mu                                      G150107:0436AO-WIN
          Tsinghua University, Res. Centre for International EnvironmDC6727
          License for teaching and research at degree granting institutions
--- Starting compilation
--- 2_Sectors Aggregation_2012IO_139 Sectors.gms(29) 2 Mb
--- call gdxxrw 2_Input_Data.xlsx par=iodata rng=A1

GDXXRW           24.4.6 r52609 Released Jun 26, 2015 VS8 x86 32bit/MS Windows 
**** Input file not found = C:\Users\hero\Desktop\Github\test model - V17\2_Input_Data.xlsx
Total time = 641 Ms
--- 2_Sectors Aggregation_2012IO_139 Sectors.gms(41) 2 Mb
*** GDXIN failed C:\Users\hero\Desktop\Github\test model - V17\2_Input_Data.gdx
*** Msg: No such file or directory
--- 2_Sectors Aggregation_2012IO_139 Sectors.gms(41) 2 Mb 1 Error
*** Error 510 in C:\Users\hero\Desktop\Github\Data Process\IO in GAMS £¨Match & Mapping£©\2_Sectors Aggregation_2012IO_139 Sectors.gms
    Unable to open gdx file for $GDXIN
--- 2_Sectors Aggregation_2012IO_139 Sectors.gms(45) 2 Mb 2 Errors
*** Error 502 in C:\Users\hero\Desktop\Github\Data Process\IO in GAMS £¨Match & Mapping£©\2_Sectors Aggregation_2012IO_139 Sectors.gms
    GDXIN  file not open - ignore rest of line
--- 2_Sectors Aggregation_2012IO_139 Sectors.gms(47) 2 Mb 3 Errors
*** Error 141 in C:\Users\hero\Desktop\Github\Data Process\IO in GAMS £¨Match & Mapping£©\2_Sectors Aggregation_2012IO_139 Sectors.gms
    Symbol declared but no values have been assigned. Check for missing
       data definition, assignment, data loading or implicit assignment
       via a solve statement.
       A wild shot: You may have spurious commas in the explanatory
       text of a declaration. Check symbol reference list.
--- 2_Sectors Aggregation_2012IO_139 Sectors.gms(175) 3 Mb 4 Errors
*** Error 141 in C:\Users\hero\Desktop\Github\Data Process\IO in GAMS £¨Match & Mapping£©\2_Sectors Aggregation_2012IO_139 Sectors.gms
    Symbol declared but no values have been assigned. Check for missing
       data definition, assignment, data loading or implicit assignment
       via a solve statement.
       A wild shot: You may have spurious commas in the explanatory
       text of a declaration. Check symbol reference list.
--- 2_Sectors Aggregation_2012IO_139 Sectors.gms(199) 3 Mb 4 Errors
*** Status: Compilation error(s)
--- Job 2_Sectors Aggregation_2012IO_139 Sectors.gms Stop 12/01/16 15:07:13 elapsed 0:00:00.893
Exit code = 2
